<?xml version="1.0" encoding="UTF-8"?>
<testng-results skipped="0" failed="0" ignored="0" total="1" passed="1">
  <reporter-output>
  </reporter-output>
  <suite name="Suite" duration-ms="16" started-at="2017-04-18T10:34:12Z" finished-at="2017-04-18T10:34:12Z">
    <groups>
    </groups>
    <test name="Test" duration-ms="16" started-at="2017-04-18T10:34:12Z" finished-at="2017-04-18T10:34:12Z">
      <class name="core.TestNGClass">
        <test-method status="PASS" signature="beforeSuite()[pri:0, instance:core.TestNGClass@1e88b3c]" name="beforeSuite" is-config="true" duration-ms="15" started-at="2017-04-18T16:04:12Z" finished-at="2017-04-18T16:04:12Z">
          <reporter-output>
          </reporter-output>
        </test-method> <!-- beforeSuite -->
        <test-method status="PASS" signature="test1()[pri:0, instance:core.TestNGClass@1e88b3c]" name="test1" duration-ms="0" started-at="2017-04-18T16:04:12Z" finished-at="2017-04-18T16:04:12Z">
          <reporter-output>
          </reporter-output>
        </test-method> <!-- test1 -->
        <test-method status="PASS" signature="afterSuite()[pri:0, instance:core.TestNGClass@1e88b3c]" name="afterSuite" is-config="true" duration-ms="0" started-at="2017-04-18T16:04:12Z" finished-at="2017-04-18T16:04:12Z">
          <reporter-output>
          </reporter-output>
        </test-method> <!-- afterSuite -->
      </class> <!-- core.TestNGClass -->
    </test> <!-- Test -->
  </suite> <!-- Suite -->
</testng-results>
